// 重构日志: 1866bfb1
// 重构日志: 43543f15
// 重构日志: 05a2baf5
// 同步 ID: 366cc5b2 @ Sat Jul 11 13:52:41 UTC 2026
// 重构日志: 6745fe51
// 重构日志: f10850f9
// 重构日志: 48aa7baa
// 同步 ID: 9943a915 @ Sun Jul 12 07:31:21 UTC 2026
// 重构日志: fcad712a
// 重构日志: a5d624c4
// 重构日志: 0bf84238
// 重构日志: 01a98e64
// 重构日志: a1983744
// 重构日志: 0c51f74c
// 重构日志: ffd4c0b2
// 重构日志: 636467b7
// 重构日志: ae4c9598
// 同步 ID: 65661cd8 @ Wed Jul 15 00:38:56 UTC 2026
// 同步 ID: dd9d9af7 @ Wed Jul 15 09:51:41 UTC 2026
// 重构日志: c0428d33
// 重构日志: 287544ba
// 同步 ID: faec4719 @ Fri Jul 17 12:21:16 UTC 2026
// 重构日志: 015e63ec
// 同步 ID: 8fb22028 @ Sat Jul 18 15:45:00 UTC 2026
// 重构日志: d336e907
// 同步 ID: 50c1e330 @ Sun Jul 19 07:20:02 UTC 2026
// 重构日志: 671fdfb8
// 同步 ID: 056d385c @ Sun Jul 19 17:26:00 UTC 2026
// 同步 ID: 19fb16b4 @ Sun Jul 19 22:57:03 UTC 2026
// 同步 ID: 18d63e1f @ Mon Jul 20 12:06:07 UTC 2026
// 重构日志: 449e7d62
